<!DOCTYPE suite SYSTEM "https://testng.org/testng-1.0.dtd" >

<suite name="GFT Application" parallel="tests" thread-count="2"> 
	<test name ="Regression Suite">
		<classes>
			<class name="testClasses.TestNG_Parallel1"></class>
		</classes>
	</test>
	<test name ="Regression Suite 2">
		<classes>
			<class name="testClasses.TestNG_Parallel2"></class>
		</classes>
	</test>
</suite>