<?xml version="1.0" encoding="UTF-8"?>
<!-- Generated by org.testng.reporters.JUnitReportReporter -->
<testsuite skipped="0" hostname="DESKTOP-H7K44C8" name="testClasses.TestNG_DataProviders" tests="3" failures="0" timestamp="2020-06-17T08:48:04 BRT" time="0.008" errors="0">
  <testcase name="testMethod1" time="0.000" classname="testClasses.TestNG_DataProviders"/>
  <system-out/>
  <testcase name="testMethod1" time="0.007" classname="testClasses.TestNG_DataProviders"/>
  <system-out/>
  <testcase name="testMethod1" time="0.001" classname="testClasses.TestNG_DataProviders"/>
  <system-out/>
</testsuite> <!-- testClasses.TestNG_DataProviders -->
