<?xml version="1.0" encoding="UTF-8"?>
<!-- Generated by org.testng.reporters.JUnitReportReporter -->
<testsuite skipped="0" hostname="DESKTOP-H7K44C8" name="regression.TestNG_TestClass3" tests="3" failures="0" timestamp="2020-06-10T08:35:51 BRT" time="0.002" errors="0">
  <testcase name="testMethod1" time="0.000" classname="regression.TestNG_TestClass3"/>
  <system-out/>
  <testcase name="testDieny" time="0.002" classname="regression.TestNG_TestClass3"/>
  <system-out/>
  <testcase name="testMethod2" time="0.000" classname="regression.TestNG_TestClass3"/>
  <system-out/>
</testsuite> <!-- regression.TestNG_TestClass3 -->
