<?xml version="1.0" encoding="UTF-8"?>
<!-- Generated by org.testng.reporters.JUnitReportReporter -->
<testsuite skipped="0" hostname="DESKTOP-H7K44C8" name="testClasses.TestNG_Annotation" tests="2" failures="0" timestamp="2020-06-03T08:44:42 BRT" time="0.007" errors="0">
  <testcase name="testMethod1" time="0.006" classname="testClasses.TestNG_Annotation"/>
  <system-out/>
  <testcase name="testMethod2" time="0.001" classname="testClasses.TestNG_Annotation"/>
  <system-out/>
</testsuite> <!-- testClasses.TestNG_Annotation -->
