<?xml version="1.0" encoding="UTF-8"?>
<!-- Generated by org.testng.reporters.JUnitReportReporter -->
<testsuite skipped="0" hostname="DESKTOP-H7K44C8" name="testClasses.TestNG_Parallel1" tests="1" failures="0" timestamp="2020-06-17T08:18:24 BRT" time="0.044" errors="0">
  <testcase name="testMethod1" time="0.044" classname="testClasses.TestNG_Parallel1"/>
  <system-out/>
</testsuite> <!-- testClasses.TestNG_Parallel1 -->
