<?xml version="1.0" encoding="UTF-8"?>
<!-- Generated by org.testng.reporters.JUnitReportReporter -->
<testsuite skipped="0" hostname="DESKTOP-H7K44C8" name="testClasses.TestNG_TimeOut" tests="1" failures="0" timestamp="2020-06-12T08:27:18 BRT" time="0.006" errors="0">
  <testcase name="testMethod1" time="0.006" classname="testClasses.TestNG_TimeOut"/>
  <system-out/>
</testsuite> <!-- testClasses.TestNG_TimeOut -->
