<?xml version="1.0" encoding="UTF-8"?>
<!-- Generated by org.testng.reporters.JUnitReportReporter -->
<testsuite skipped="0" hostname="DESKTOP-H7K44C8" name="testClasses.TestNG_Grouping" tests="3" failures="0" timestamp="2020-06-10T09:09:06 BRT" time="0.010" errors="0">
  <testcase name="tc003_cadastro_valido" time="0.001" classname="testClasses.TestNG_Grouping"/>
  <system-out/>
  <testcase name="tc001_login_valido" time="0.008" classname="testClasses.TestNG_Grouping"/>
  <system-out/>
  <testcase name="tc002_login_invalido" time="0.001" classname="testClasses.TestNG_Grouping"/>
  <system-out/>
</testsuite> <!-- testClasses.TestNG_Grouping -->
