<?xml version="1.0" encoding="UTF-8"?>
<!-- Generated by org.testng.reporters.JUnitReportReporter -->
<testsuite skipped="1" hostname="DESKTOP-H7K44C8" name="testClasses.TestNG_Ignore" tests="3" failures="0" timestamp="2020-06-12T08:21:53 BRT" time="0.006" errors="0">
  <testcase name="testDieny" time="0.005" classname="testClasses.TestNG_Ignore"/>
  <system-out/>
  <testcase name="testMethod1" time="0.001" classname="testClasses.TestNG_Ignore"/>
  <system-out/>
  <testcase name="testMethod2" classname="testClasses.TestNG_Ignore">
    <skipped/>
  </testcase> <!-- testMethod2 -->
  <system-out/>
</testsuite> <!-- testClasses.TestNG_Ignore -->
