<?xml version="1.0" encoding="UTF-8"?>
<!-- Generated by org.testng.reporters.JUnitReportReporter -->
<testsuite skipped="0" hostname="DESKTOP-H7K44C8" name="testClasses.TestNG_Parameters" tests="3" failures="0" timestamp="2020-06-12T08:57:30 BRT" time="0.005" errors="0">
  <testcase name="testMethod1" time="0.001" classname="testClasses.TestNG_Parameters"/>
  <system-out/>
  <testcase name="testDieny" time="0.003" classname="testClasses.TestNG_Parameters"/>
  <system-out/>
  <testcase name="testMethod2" time="0.001" classname="testClasses.TestNG_Parameters"/>
  <system-out/>
</testsuite> <!-- testClasses.TestNG_Parameters -->
