<?xml version="1.0" encoding="UTF-8"?>
<!-- Generated by org.testng.reporters.JUnitReportReporter -->
<testsuite skipped="0" hostname="DESKTOP-H7K44C8" name="testClasses.TestNG_Priority" tests="3" failures="0" timestamp="2020-06-05T09:02:15 BRT" time="0.015" errors="0">
  <testcase name="testMethod1" time="0.007" classname="testClasses.TestNG_Priority"/>
  <system-out/>
  <testcase name="testDieny" time="0.007" classname="testClasses.TestNG_Priority"/>
  <system-out/>
  <testcase name="testMethod2" time="0.001" classname="testClasses.TestNG_Priority"/>
  <system-out/>
</testsuite> <!-- testClasses.TestNG_Priority -->
